# JRE version: Java(TM) SE Runtime Environment (7.0_51-b13) (build 1.7.0_51-b13)
# Java VM: Java HotSpot(TM) 64-Bit Server VM (24.51-b03 mixed mode windows-amd64 compressed oops)
Heap
 PSYoungGen      total 248832K, used 242586K [0x00000000f0000000, 0x0000000100000000, 0x0000000100000000)
  eden space 237568K, 97% used [0x00000000f0000000,0x00000000fe27fc80,0x00000000fe800000)
  from space 11264K, 94% used [0x00000000ff500000,0x00000000fff66c08,0x0000000100000000)
  to   space 12288K, 0% used [0x00000000fe800000,0x00000000fe800000,0x00000000ff400000)
 ParOldGen       total 215552K, used 179427K [0x00000000d0000000, 0x00000000dd280000, 0x00000000f0000000)
  object space 215552K, 83% used [0x00000000d0000000,0x00000000daf38f10,0x00000000dd280000)
 PSPermGen       total 110080K, used 95537K [0x00000000c0000000, 0x00000000c6b80000, 0x00000000d0000000)
  object space 110080K, 86% used [0x00000000c0000000,0x00000000c5d4c7b0,0x00000000c6b80000)
GC Heap History (10 events):
Event: 45395.958 GC heap before
{Heap before GC invocations=176 (full 4):
 PSYoungGen      total 250880K, used 247246K [0x00000000f0000000, 0x0000000100000000, 0x0000000100000000)
  eden space 240640K, 100% used [0x00000000f0000000,0x00000000feb00000,0x00000000feb00000)
  from space 10240K, 64% used [0x00000000feb00000,0x00000000ff1739c0,0x00000000ff500000)
  to   space 10240K, 0% used [0x00000000ff600000,0x00000000ff600000,0x0000000100000000)
 ParOldGen       total 215552K, used 178787K [0x00000000d0000000, 0x00000000dd280000, 0x00000000f0000000)
  object space 215552K, 82% used [0x00000000d0000000,0x00000000dae98e90,0x00000000dd280000)
 PSPermGen       total 110080K, used 94258K [0x00000000c0000000, 0x00000000c6b80000, 0x00000000d0000000)
  object space 110080K, 85% used [0x00000000c0000000,0x00000000c5c0c830,0x00000000c6b80000)
Event: 45395.984 GC heap after
Heap after GC invocations=176 (full 4):
 PSYoungGen      total 251904K, used 7518K [0x00000000f0000000, 0x0000000100000000, 0x0000000100000000)
  eden space 241664K, 0% used [0x00000000f0000000,0x00000000f0000000,0x00000000fec00000)
  from space 10240K, 73% used [0x00000000ff600000,0x00000000ffd579d0,0x0000000100000000)
  to   space 10240K, 0% used [0x00000000fec00000,0x00000000fec00000,0x00000000ff600000)
 ParOldGen       total 215552K, used 178787K [0x00000000d0000000, 0x00000000dd280000, 0x00000000f0000000)
  object space 215552K, 82% used [0x00000000d0000000,0x00000000dae98e90,0x00000000dd280000)
 PSPermGen       total 110080K, used 94258K [0x00000000c0000000, 0x00000000c6b80000, 0x00000000d0000000)
  object space 110080K, 85% used [0x00000000c0000000,0x00000000c5c0c830,0x00000000c6b80000)
}
Event: 45549.504 GC heap before
{Heap before GC invocations=177 (full 4):
 PSYoungGen      total 251904K, used 249182K [0x00000000f0000000, 0x0000000100000000, 0x0000000100000000)
  eden space 241664K, 100% used [0x00000000f0000000,0x00000000fec00000,0x00000000fec00000)
  from space 10240K, 73% used [0x00000000ff600000,0x00000000ffd579d0,0x0000000100000000)
  to   space 10240K, 0% used [0x00000000fec00000,0x00000000fec00000,0x00000000ff600000)
 ParOldGen       total 215552K, used 178787K [0x00000000d0000000, 0x00000000dd280000, 0x00000000f0000000)
  object space 215552K, 82% used [0x00000000d0000000,0x00000000dae98e90,0x00000000dd280000)
 PSPermGen       total 110080K, used 94280K [0x00000000c0000000, 0x00000000c6b80000, 0x00000000d0000000)
  object space 110080K, 85% used [0x00000000c0000000,0x00000000c5c122b0,0x00000000c6b80000)
Event: 45549.524 GC heap after
Heap after GC invocations=177 (full 4):
 PSYoungGen      total 249344K, used 7406K [0x00000000f0000000, 0x0000000100000000, 0x0000000100000000)
  eden space 241664K, 0% used [0x00000000f0000000,0x00000000f0000000,0x00000000fec00000)
  from space 7680K, 96% used [0x00000000fec00000,0x00000000ff33b980,0x00000000ff380000)
  to   space 10752K, 0% used [0x00000000ff580000,0x00000000ff580000,0x0000000100000000)
 ParOldGen       total 215552K, used 179083K [0x00000000d0000000, 0x00000000dd280000, 0x00000000f0000000)
  object space 215552K, 83% used [0x00000000d0000000,0x00000000daee2ed0,0x00000000dd280000)
 PSPermGen       total 110080K, used 94280K [0x00000000c0000000, 0x00000000c6b80000, 0x00000000d0000000)
  object space 110080K, 85% used [0x00000000c0000000,0x00000000c5c122b0,0x00000000c6b80000)
}
Event: 45912.482 GC heap before
{Heap before GC invocations=178 (full 4):
 PSYoungGen      total 249344K, used 249070K [0x00000000f0000000, 0x0000000100000000, 0x0000000100000000)
  eden space 241664K, 100% used [0x00000000f0000000,0x00000000fec00000,0x00000000fec00000)
  from space 7680K, 96% used [0x00000000fec00000,0x00000000ff33b980,0x00000000ff380000)
  to   space 10752K, 0% used [0x00000000ff580000,0x00000000ff580000,0x0000000100000000)
 ParOldGen       total 215552K, used 179083K [0x00000000d0000000, 0x00000000dd280000, 0x00000000f0000000)
  object space 215552K, 83% used [0x00000000d0000000,0x00000000daee2ed0,0x00000000dd280000)
 PSPermGen       total 110080K, used 94629K [0x00000000c0000000, 0x00000000c6b80000, 0x00000000d0000000)
  object space 110080K, 85% used [0x00000000c0000000,0x00000000c5c69720,0x00000000c6b80000)
Event: 45912.507 GC heap after
Heap after GC invocations=178 (full 4):
 PSYoungGen      total 251392K, used 8619K [0x00000000f0000000, 0x0000000100000000, 0x0000000100000000)
  eden space 240640K, 0% used [0x00000000f0000000,0x00000000f0000000,0x00000000feb00000)
  from space 10752K, 80% used [0x00000000ff580000,0x00000000ffdeac48,0x0000000100000000)
  to   space 10752K, 0% used [0x00000000feb00000,0x00000000feb00000,0x00000000ff580000)
 ParOldGen       total 215552K, used 179107K [0x00000000d0000000, 0x00000000dd280000, 0x00000000f0000000)
  object space 215552K, 83% used [0x00000000d0000000,0x00000000daee8ed0,0x00000000dd280000)
 PSPermGen       total 110080K, used 94629K [0x00000000c0000000, 0x00000000c6b80000, 0x00000000d0000000)
  object space 110080K, 85% used [0x00000000c0000000,0x00000000c5c69720,0x00000000c6b80000)
}
Event: 45912.840 GC heap before
{Heap before GC invocations=179 (full 4):
 PSYoungGen      total 251392K, used 249259K [0x00000000f0000000, 0x0000000100000000, 0x0000000100000000)
  eden space 240640K, 100% used [0x00000000f0000000,0x00000000feb00000,0x00000000feb00000)
  from space 10752K, 80% used [0x00000000ff580000,0x00000000ffdeac48,0x0000000100000000)
  to   space 10752K, 0% used [0x00000000feb00000,0x00000000feb00000,0x00000000ff580000)
 ParOldGen       total 215552K, used 179107K [0x00000000d0000000, 0x00000000dd280000, 0x00000000f0000000)
  object space 215552K, 83% used [0x00000000d0000000,0x00000000daee8ed0,0x00000000dd280000)
 PSPermGen       total 110080K, used 94639K [0x00000000c0000000, 0x00000000c6b80000, 0x00000000d0000000)
  object space 110080K, 85% used [0x00000000c0000000,0x00000000c5c6bf88,0x00000000c6b80000)
Event: 45912.865 GC heap after
Heap after GC invocations=179 (full 4):
 PSYoungGen      total 249856K, used 8843K [0x00000000f0000000, 0x0000000100000000, 0x0000000100000000)
  eden space 240640K, 0% used [0x00000000f0000000,0x00000000f0000000,0x00000000feb00000)
  from space 9216K, 95% used [0x00000000feb00000,0x00000000ff3a2c38,0x00000000ff400000)
  to   space 11264K, 0% used [0x00000000ff500000,0x00000000ff500000,0x0000000100000000)
 ParOldGen       total 215552K, used 179411K [0x00000000d0000000, 0x00000000dd280000, 0x00000000f0000000)
  object space 215552K, 83% used [0x00000000d0000000,0x00000000daf34f10,0x00000000dd280000)
 PSPermGen       total 110080K, used 94639K [0x00000000c0000000, 0x00000000c6b80000, 0x00000000d0000000)
  object space 110080K, 85% used [0x00000000c0000000,0x00000000c5c6bf88,0x00000000c6b80000)
}
Event: 45939.098 GC heap before
{Heap before GC invocations=180 (full 4):
 PSYoungGen      total 249856K, used 249483K [0x00000000f0000000, 0x0000000100000000, 0x0000000100000000)
  eden space 240640K, 100% used [0x00000000f0000000,0x00000000feb00000,0x00000000feb00000)
  from space 9216K, 95% used [0x00000000feb00000,0x00000000ff3a2c38,0x00000000ff400000)
  to   space 11264K, 0% used [0x00000000ff500000,0x00000000ff500000,0x0000000100000000)
 ParOldGen       total 215552K, used 179411K [0x00000000d0000000, 0x00000000dd280000, 0x00000000f0000000)
  object space 215552K, 83% used [0x00000000d0000000,0x00000000daf34f10,0x00000000dd280000)
 PSPermGen       total 110080K, used 94977K [0x00000000c0000000, 0x00000000c6b80000, 0x00000000d0000000)
  object space 110080K, 86% used [0x00000000c0000000,0x00000000c5cc0708,0x00000000c6b80000)
Event: 45939.132 GC heap after
Heap after GC invocations=180 (full 4):
 PSYoungGen      total 248832K, used 10651K [0x00000000f0000000, 0x0000000100000000, 0x0000000100000000)
  eden space 237568K, 0% used [0x00000000f0000000,0x00000000f0000000,0x00000000fe800000)
  from space 11264K, 94% used [0x00000000ff500000,0x00000000fff66c08,0x0000000100000000)
  to   space 12288K, 0% used [0x00000000fe800000,0x00000000fe800000,0x00000000ff400000)
 ParOldGen       total 215552K, used 179427K [0x00000000d0000000, 0x00000000dd280000, 0x00000000f0000000)
  object space 215552K, 83% used [0x00000000d0000000,0x00000000daf38f10,0x00000000dd280000)
 PSPermGen       total 110080K, used 94977K [0x00000000c0000000, 0x00000000c6b80000, 0x00000000d0000000)
  object space 110080K, 86% used [0x00000000c0000000,0x00000000c5cc0708,0x00000000c6b80000)
}

