# JRE version: Java(TM) SE Runtime Environment (7.0_51-b13) (build 1.7.0_51-b13)
# Java VM: Java HotSpot(TM) 64-Bit Server VM (24.51-b03 mixed mode windows-amd64 compressed oops)
Heap
 PSYoungGen      total 204800K, used 161352K [0x00000000f0000000, 0x00000000ffe00000, 0x0000000100000000)
  eden space 150016K, 99% used [0x00000000f0000000,0x00000000f911a010,0x00000000f9280000)
  from space 54784K, 23% used [0x00000000fc780000,0x00000000fd3f8030,0x00000000ffd00000)
  to   space 54272K, 0% used [0x00000000f9280000,0x00000000f9280000,0x00000000fc780000)
 ParOldGen       total 141824K, used 125493K [0x00000000d0000000, 0x00000000d8a80000, 0x00000000f0000000)
  object space 141824K, 88% used [0x00000000d0000000,0x00000000d7a8d568,0x00000000d8a80000)
 PSPermGen       total 75264K, used 75181K [0x00000000c0000000, 0x00000000c4980000, 0x00000000d0000000)
  object space 75264K, 99% used [0x00000000c0000000,0x00000000c496b488,0x00000000c4980000)
GC Heap History (10 events):
Event: 107.296 GC heap before
{Heap before GC invocations=45 (full 3):
 PSYoungGen      total 168448K, used 168000K [0x00000000f0000000, 0x00000000ffc80000, 0x0000000100000000)
  eden space 136192K, 100% used [0x00000000f0000000,0x00000000f8500000,0x00000000f8500000)
  from space 32256K, 98% used [0x00000000f8500000,0x00000000fa4101c0,0x00000000fa480000)
  to   space 60416K, 0% used [0x00000000fc180000,0x00000000fc180000,0x00000000ffc80000)
 ParOldGen       total 141824K, used 96593K [0x00000000d0000000, 0x00000000d8a80000, 0x00000000f0000000)
  object space 141824K, 68% used [0x00000000d0000000,0x00000000d5e544b0,0x00000000d8a80000)
 PSPermGen       total 72704K, used 72442K [0x00000000c0000000, 0x00000000c4700000, 0x00000000d0000000)
  object space 72704K, 99% used [0x00000000c0000000,0x00000000c46be9d8,0x00000000c4700000)
Event: 107.404 GC heap after
Heap after GC invocations=45 (full 3):
 PSYoungGen      total 200704K, used 28271K [0x00000000f0000000, 0x0000000100000000, 0x0000000100000000)
  eden space 140288K, 0% used [0x00000000f0000000,0x00000000f0000000,0x00000000f8900000)
  from space 60416K, 46% used [0x00000000fc180000,0x00000000fdd1be68,0x00000000ffc80000)
  to   space 57856K, 0% used [0x00000000f8900000,0x00000000f8900000,0x00000000fc180000)
 ParOldGen       total 141824K, used 100690K [0x00000000d0000000, 0x00000000d8a80000, 0x00000000f0000000)
  object space 141824K, 70% used [0x00000000d0000000,0x00000000d62548b0,0x00000000d8a80000)
 PSPermGen       total 72704K, used 72442K [0x00000000c0000000, 0x00000000c4700000, 0x00000000d0000000)
  object space 72704K, 99% used [0x00000000c0000000,0x00000000c46be9d8,0x00000000c4700000)
}
Event: 129.978 GC heap before
{Heap before GC invocations=46 (full 3):
 PSYoungGen      total 200704K, used 168559K [0x00000000f0000000, 0x0000000100000000, 0x0000000100000000)
  eden space 140288K, 100% used [0x00000000f0000000,0x00000000f8900000,0x00000000f8900000)
  from space 60416K, 46% used [0x00000000fc180000,0x00000000fdd1be68,0x00000000ffc80000)
  to   space 57856K, 0% used [0x00000000f8900000,0x00000000f8900000,0x00000000fc180000)
 ParOldGen       total 141824K, used 100690K [0x00000000d0000000, 0x00000000d8a80000, 0x00000000f0000000)
  object space 141824K, 70% used [0x00000000d0000000,0x00000000d62548b0,0x00000000d8a80000)
 PSPermGen       total 73728K, used 73242K [0x00000000c0000000, 0x00000000c4800000, 0x00000000d0000000)
  object space 73728K, 99% used [0x00000000c0000000,0x00000000c4786938,0x00000000c4800000)
Event: 130.047 GC heap after
Heap after GC invocations=46 (full 3):
 PSYoungGen      total 198144K, used 20593K [0x00000000f0000000, 0x00000000ffb80000, 0x0000000100000000)
  eden space 140288K, 0% used [0x00000000f0000000,0x00000000f0000000,0x00000000f8900000)
  from space 57856K, 35% used [0x00000000f8900000,0x00000000f9d1c610,0x00000000fc180000)
  to   space 56832K, 0% used [0x00000000fc400000,0x00000000fc400000,0x00000000ffb80000)
 ParOldGen       total 141824K, used 111348K [0x00000000d0000000, 0x00000000d8a80000, 0x00000000f0000000)
  object space 141824K, 78% used [0x00000000d0000000,0x00000000d6cbd3e0,0x00000000d8a80000)
 PSPermGen       total 73728K, used 73242K [0x00000000c0000000, 0x00000000c4800000, 0x00000000d0000000)
  object space 73728K, 99% used [0x00000000c0000000,0x00000000c4786938,0x00000000c4800000)
}
Event: 133.637 GC heap before
{Heap before GC invocations=47 (full 3):
 PSYoungGen      total 198144K, used 160881K [0x00000000f0000000, 0x00000000ffb80000, 0x0000000100000000)
  eden space 140288K, 100% used [0x00000000f0000000,0x00000000f8900000,0x00000000f8900000)
  from space 57856K, 35% used [0x00000000f8900000,0x00000000f9d1c610,0x00000000fc180000)
  to   space 56832K, 0% used [0x00000000fc400000,0x00000000fc400000,0x00000000ffb80000)
 ParOldGen       total 141824K, used 111348K [0x00000000d0000000, 0x00000000d8a80000, 0x00000000f0000000)
  object space 141824K, 78% used [0x00000000d0000000,0x00000000d6cbd3e0,0x00000000d8a80000)
 PSPermGen       total 74240K, used 73804K [0x00000000c0000000, 0x00000000c4880000, 0x00000000d0000000)
  object space 74240K, 99% used [0x00000000c0000000,0x00000000c48132b0,0x00000000c4880000)
Event: 133.696 GC heap after
Heap after GC invocations=47 (full 3):
 PSYoungGen      total 201728K, used 19174K [0x00000000f0000000, 0x00000000ffd00000, 0x0000000100000000)
  eden space 144896K, 0% used [0x00000000f0000000,0x00000000f0000000,0x00000000f8d80000)
  from space 56832K, 33% used [0x00000000fc400000,0x00000000fd6b99d0,0x00000000ffb80000)
  to   space 55808K, 0% used [0x00000000f8d80000,0x00000000f8d80000,0x00000000fc400000)
 ParOldGen       total 141824K, used 116013K [0x00000000d0000000, 0x00000000d8a80000, 0x00000000f0000000)
  object space 141824K, 81% used [0x00000000d0000000,0x00000000d714b528,0x00000000d8a80000)
 PSPermGen       total 74240K, used 73804K [0x00000000c0000000, 0x00000000c4880000, 0x00000000d0000000)
  object space 74240K, 99% used [0x00000000c0000000,0x00000000c48132b0,0x00000000c4880000)
}
Event: 135.062 GC heap before
{Heap before GC invocations=48 (full 3):
 PSYoungGen      total 201728K, used 164070K [0x00000000f0000000, 0x00000000ffd00000, 0x0000000100000000)
  eden space 144896K, 100% used [0x00000000f0000000,0x00000000f8d80000,0x00000000f8d80000)
  from space 56832K, 33% used [0x00000000fc400000,0x00000000fd6b99d0,0x00000000ffb80000)
  to   space 55808K, 0% used [0x00000000f8d80000,0x00000000f8d80000,0x00000000fc400000)
 ParOldGen       total 141824K, used 116013K [0x00000000d0000000, 0x00000000d8a80000, 0x00000000f0000000)
  object space 141824K, 81% used [0x00000000d0000000,0x00000000d714b528,0x00000000d8a80000)
 PSPermGen       total 74752K, used 74347K [0x00000000c0000000, 0x00000000c4900000, 0x00000000d0000000)
  object space 74752K, 99% used [0x00000000c0000000,0x00000000c489afc8,0x00000000c4900000)
Event: 135.111 GC heap after
Heap after GC invocations=48 (full 3):
 PSYoungGen      total 200704K, used 16787K [0x00000000f0000000, 0x00000000ffd00000, 0x0000000100000000)
  eden space 144896K, 0% used [0x00000000f0000000,0x00000000f0000000,0x00000000f8d80000)
  from space 55808K, 30% used [0x00000000f8d80000,0x00000000f9de4c90,0x00000000fc400000)
  to   space 54784K, 0% used [0x00000000fc780000,0x00000000fc780000,0x00000000ffd00000)
 ParOldGen       total 141824K, used 119789K [0x00000000d0000000, 0x00000000d8a80000, 0x00000000f0000000)
  object space 141824K, 84% used [0x00000000d0000000,0x00000000d74fb6e0,0x00000000d8a80000)
 PSPermGen       total 74752K, used 74347K [0x00000000c0000000, 0x00000000c4900000, 0x00000000d0000000)
  object space 74752K, 99% used [0x00000000c0000000,0x00000000c489afc8,0x00000000c4900000)
}
Event: 136.693 GC heap before
{Heap before GC invocations=49 (full 3):
 PSYoungGen      total 200704K, used 161683K [0x00000000f0000000, 0x00000000ffd00000, 0x0000000100000000)
  eden space 144896K, 100% used [0x00000000f0000000,0x00000000f8d80000,0x00000000f8d80000)
  from space 55808K, 30% used [0x00000000f8d80000,0x00000000f9de4c90,0x00000000fc400000)
  to   space 54784K, 0% used [0x00000000fc780000,0x00000000fc780000,0x00000000ffd00000)
 ParOldGen       total 141824K, used 119789K [0x00000000d0000000, 0x00000000d8a80000, 0x00000000f0000000)
  object space 141824K, 84% used [0x00000000d0000000,0x00000000d74fb6e0,0x00000000d8a80000)
 PSPermGen       total 74752K, used 74743K [0x00000000c0000000, 0x00000000c4900000, 0x00000000d0000000)
  object space 74752K, 99% used [0x00000000c0000000,0x00000000c48fdcf8,0x00000000c4900000)
Event: 136.741 GC heap after
Heap after GC invocations=49 (full 3):
 PSYoungGen      total 204800K, used 12768K [0x00000000f0000000, 0x00000000ffe00000, 0x0000000100000000)
  eden space 150016K, 0% used [0x00000000f0000000,0x00000000f0000000,0x00000000f9280000)
  from space 54784K, 23% used [0x00000000fc780000,0x00000000fd3f8030,0x00000000ffd00000)
  to   space 54272K, 0% used [0x00000000f9280000,0x00000000f9280000,0x00000000fc780000)
 ParOldGen       total 141824K, used 125493K [0x00000000d0000000, 0x00000000d8a80000, 0x00000000f0000000)
  object space 141824K, 88% used [0x00000000d0000000,0x00000000d7a8d568,0x00000000d8a80000)
 PSPermGen       total 74752K, used 74743K [0x00000000c0000000, 0x00000000c4900000, 0x00000000d0000000)
  object space 74752K, 99% used [0x00000000c0000000,0x00000000c48fdcf8,0x00000000c4900000)
}

