# JRE version: Java(TM) SE Runtime Environment (7.0_51-b13) (build 1.7.0_51-b13)
# Java VM: Java HotSpot(TM) 64-Bit Server VM (24.51-b03 mixed mode windows-amd64 compressed oops)
Heap
 PSYoungGen      total 38400K, used 22909K [0x00000000f0000000, 0x00000000f2b00000, 0x0000000100000000)
  eden space 35840K, 56% used [0x00000000f0000000,0x00000000f13df7c0,0x00000000f2300000)
  from space 2560K, 100% used [0x00000000f2680000,0x00000000f2900000,0x00000000f2900000)
  to   space 3584K, 0% used [0x00000000f2300000,0x00000000f2300000,0x00000000f2680000)
 ParOldGen       total 209408K, used 126892K [0x00000000d0000000, 0x00000000dcc80000, 0x00000000f0000000)
  object space 209408K, 60% used [0x00000000d0000000,0x00000000d7beb378,0x00000000dcc80000)
 PSPermGen       total 113152K, used 80281K [0x00000000c0000000, 0x00000000c6e80000, 0x00000000d0000000)
  object space 113152K, 70% used [0x00000000c0000000,0x00000000c4e66650,0x00000000c6e80000)
GC Heap History (10 events):
Event: 157740.267 GC heap before
{Heap before GC invocations=180 (full 4):
 PSYoungGen      total 37376K, used 36896K [0x00000000f0000000, 0x00000000f2a00000, 0x0000000100000000)
  eden space 36864K, 100% used [0x00000000f0000000,0x00000000f2400000,0x00000000f2400000)
  from space 512K, 6% used [0x00000000f2900000,0x00000000f2908000,0x00000000f2980000)
  to   space 512K, 0% used [0x00000000f2980000,0x00000000f2980000,0x00000000f2a00000)
 ParOldGen       total 209408K, used 122257K [0x00000000d0000000, 0x00000000dcc80000, 0x00000000f0000000)
  object space 209408K, 58% used [0x00000000d0000000,0x00000000d7764440,0x00000000dcc80000)
 PSPermGen       total 113152K, used 80220K [0x00000000c0000000, 0x00000000c6e80000, 0x00000000d0000000)
  object space 113152K, 70% used [0x00000000c0000000,0x00000000c4e570b8,0x00000000c6e80000)
Event: 157740.725 GC heap after
Heap after GC invocations=180 (full 4):
 PSYoungGen      total 37376K, used 512K [0x00000000f0000000, 0x00000000f2a00000, 0x0000000100000000)
  eden space 36864K, 0% used [0x00000000f0000000,0x00000000f0000000,0x00000000f2400000)
  from space 512K, 100% used [0x00000000f2980000,0x00000000f2a00000,0x00000000f2a00000)
  to   space 1536K, 0% used [0x00000000f2700000,0x00000000f2700000,0x00000000f2880000)
 ParOldGen       total 209408K, used 124880K [0x00000000d0000000, 0x00000000dcc80000, 0x00000000f0000000)
  object space 209408K, 59% used [0x00000000d0000000,0x00000000d79f4328,0x00000000dcc80000)
 PSPermGen       total 113152K, used 80220K [0x00000000c0000000, 0x00000000c6e80000, 0x00000000d0000000)
  object space 113152K, 70% used [0x00000000c0000000,0x00000000c4e570b8,0x00000000c6e80000)
}
Event: 158137.694 GC heap before
{Heap before GC invocations=181 (full 4):
 PSYoungGen      total 37376K, used 37376K [0x00000000f0000000, 0x00000000f2a00000, 0x0000000100000000)
  eden space 36864K, 100% used [0x00000000f0000000,0x00000000f2400000,0x00000000f2400000)
  from space 512K, 100% used [0x00000000f2980000,0x00000000f2a00000,0x00000000f2a00000)
  to   space 1536K, 0% used [0x00000000f2700000,0x00000000f2700000,0x00000000f2880000)
 ParOldGen       total 209408K, used 124880K [0x00000000d0000000, 0x00000000dcc80000, 0x00000000f0000000)
  object space 209408K, 59% used [0x00000000d0000000,0x00000000d79f4328,0x00000000dcc80000)
 PSPermGen       total 113152K, used 80221K [0x00000000c0000000, 0x00000000c6e80000, 0x00000000d0000000)
  object space 113152K, 70% used [0x00000000c0000000,0x00000000c4e574f8,0x00000000c6e80000)
Event: 158137.740 GC heap after
Heap after GC invocations=181 (full 4):
 PSYoungGen      total 38400K, used 1536K [0x00000000f0000000, 0x00000000f2a00000, 0x0000000100000000)
  eden space 36864K, 0% used [0x00000000f0000000,0x00000000f0000000,0x00000000f2400000)
  from space 1536K, 100% used [0x00000000f2700000,0x00000000f2880000,0x00000000f2880000)
  to   space 1536K, 0% used [0x00000000f2880000,0x00000000f2880000,0x00000000f2a00000)
 ParOldGen       total 209408K, used 125468K [0x00000000d0000000, 0x00000000dcc80000, 0x00000000f0000000)
  object space 209408K, 59% used [0x00000000d0000000,0x00000000d7a87378,0x00000000dcc80000)
 PSPermGen       total 113152K, used 80221K [0x00000000c0000000, 0x00000000c6e80000, 0x00000000d0000000)
  object space 113152K, 70% used [0x00000000c0000000,0x00000000c4e574f8,0x00000000c6e80000)
}
Event: 158267.543 GC heap before
{Heap before GC invocations=182 (full 4):
 PSYoungGen      total 38400K, used 38400K [0x00000000f0000000, 0x00000000f2a00000, 0x0000000100000000)
  eden space 36864K, 100% used [0x00000000f0000000,0x00000000f2400000,0x00000000f2400000)
  from space 1536K, 100% used [0x00000000f2700000,0x00000000f2880000,0x00000000f2880000)
  to   space 1536K, 0% used [0x00000000f2880000,0x00000000f2880000,0x00000000f2a00000)
 ParOldGen       total 209408K, used 125468K [0x00000000d0000000, 0x00000000dcc80000, 0x00000000f0000000)
  object space 209408K, 59% used [0x00000000d0000000,0x00000000d7a87378,0x00000000dcc80000)
 PSPermGen       total 113152K, used 80221K [0x00000000c0000000, 0x00000000c6e80000, 0x00000000d0000000)
  object space 113152K, 70% used [0x00000000c0000000,0x00000000c4e574f8,0x00000000c6e80000)
Event: 158267.576 GC heap after
Heap after GC invocations=182 (full 4):
 PSYoungGen      total 38400K, used 1536K [0x00000000f0000000, 0x00000000f2a00000, 0x0000000100000000)
  eden space 36864K, 0% used [0x00000000f0000000,0x00000000f0000000,0x00000000f2400000)
  from space 1536K, 100% used [0x00000000f2880000,0x00000000f2a00000,0x00000000f2a00000)
  to   space 2560K, 0% used [0x00000000f2500000,0x00000000f2500000,0x00000000f2780000)
 ParOldGen       total 209408K, used 125468K [0x00000000d0000000, 0x00000000dcc80000, 0x00000000f0000000)
  object space 209408K, 59% used [0x00000000d0000000,0x00000000d7a87378,0x00000000dcc80000)
 PSPermGen       total 113152K, used 80221K [0x00000000c0000000, 0x00000000c6e80000, 0x00000000d0000000)
  object space 113152K, 70% used [0x00000000c0000000,0x00000000c4e574f8,0x00000000c6e80000)
}
Event: 158693.407 GC heap before
{Heap before GC invocations=183 (full 4):
 PSYoungGen      total 38400K, used 38400K [0x00000000f0000000, 0x00000000f2a00000, 0x0000000100000000)
  eden space 36864K, 100% used [0x00000000f0000000,0x00000000f2400000,0x00000000f2400000)
  from space 1536K, 100% used [0x00000000f2880000,0x00000000f2a00000,0x00000000f2a00000)
  to   space 2560K, 0% used [0x00000000f2500000,0x00000000f2500000,0x00000000f2780000)
 ParOldGen       total 209408K, used 125468K [0x00000000d0000000, 0x00000000dcc80000, 0x00000000f0000000)
  object space 209408K, 59% used [0x00000000d0000000,0x00000000d7a87378,0x00000000dcc80000)
 PSPermGen       total 113152K, used 80221K [0x00000000c0000000, 0x00000000c6e80000, 0x00000000d0000000)
  object space 113152K, 70% used [0x00000000c0000000,0x00000000c4e574f8,0x00000000c6e80000)
Event: 158693.433 GC heap after
Heap after GC invocations=183 (full 4):
 PSYoungGen      total 38400K, used 1536K [0x00000000f0000000, 0x00000000f2900000, 0x0000000100000000)
  eden space 36864K, 0% used [0x00000000f0000000,0x00000000f0000000,0x00000000f2400000)
  from space 1536K, 100% used [0x00000000f2500000,0x00000000f2680000,0x00000000f2680000)
  to   space 2560K, 0% used [0x00000000f2680000,0x00000000f2680000,0x00000000f2900000)
 ParOldGen       total 209408K, used 125468K [0x00000000d0000000, 0x00000000dcc80000, 0x00000000f0000000)
  object space 209408K, 59% used [0x00000000d0000000,0x00000000d7a87378,0x00000000dcc80000)
 PSPermGen       total 113152K, used 80221K [0x00000000c0000000, 0x00000000c6e80000, 0x00000000d0000000)
  object space 113152K, 70% used [0x00000000c0000000,0x00000000c4e574f8,0x00000000c6e80000)
}
Event: 159050.455 GC heap before
{Heap before GC invocations=184 (full 4):
 PSYoungGen      total 38400K, used 38400K [0x00000000f0000000, 0x00000000f2900000, 0x0000000100000000)
  eden space 36864K, 100% used [0x00000000f0000000,0x00000000f2400000,0x00000000f2400000)
  from space 1536K, 100% used [0x00000000f2500000,0x00000000f2680000,0x00000000f2680000)
  to   space 2560K, 0% used [0x00000000f2680000,0x00000000f2680000,0x00000000f2900000)
 ParOldGen       total 209408K, used 125468K [0x00000000d0000000, 0x00000000dcc80000, 0x00000000f0000000)
  object space 209408K, 59% used [0x00000000d0000000,0x00000000d7a87378,0x00000000dcc80000)
 PSPermGen       total 113152K, used 80229K [0x00000000c0000000, 0x00000000c6e80000, 0x00000000d0000000)
  object space 113152K, 70% used [0x00000000c0000000,0x00000000c4e594a0,0x00000000c6e80000)
Event: 159050.474 GC heap after
Heap after GC invocations=184 (full 4):
 PSYoungGen      total 38400K, used 2560K [0x00000000f0000000, 0x00000000f2b00000, 0x0000000100000000)
  eden space 35840K, 0% used [0x00000000f0000000,0x00000000f0000000,0x00000000f2300000)
  from space 2560K, 100% used [0x00000000f2680000,0x00000000f2900000,0x00000000f2900000)
  to   space 3584K, 0% used [0x00000000f2300000,0x00000000f2300000,0x00000000f2680000)
 ParOldGen       total 209408K, used 126892K [0x00000000d0000000, 0x00000000dcc80000, 0x00000000f0000000)
  object space 209408K, 60% used [0x00000000d0000000,0x00000000d7beb378,0x00000000dcc80000)
 PSPermGen       total 113152K, used 80229K [0x00000000c0000000, 0x00000000c6e80000, 0x00000000d0000000)
  object space 113152K, 70% used [0x00000000c0000000,0x00000000c4e594a0,0x00000000c6e80000)
}

